<?xml version="1.0" encoding="utf-8"?>
<?AutomationStudio Version=3.0?>
<Transfer xmlns="http://br-automation.co.at/AS/Transfer">
  <OperatingSystem Version="J4.25"/>
  <Hardware Target="SG4"/>
  <Operation Delete="SDCAxisCt2.br"/>
  <Operation Delete="SDCAxisCt1.br"/>
  <Operation Delete="SDCAxisCtr.br"/>
  <Operation Delete="Library.br"/>
  <Operation Delete="AsIecCon.br"/>
  <Operation Delete="Acp10_MC.br"/>
  <Operation Delete="Acp10sim.br"/>
  <Operation Delete="Acp10sdc.br"/>
  <Operation Delete="arnc0man.br"/>
  <Operation Delete="asarlog.br"/>
  <Operation Delete="asarprof.br"/>
  <Operation Delete="asmem.br"/>
  <Operation Delete="dataobj.br"/>
  <Operation Delete="sys_lib.br"/>
  <Operation Delete="brsystem.br"/>
  <Operation Delete="Acp10man.br"/>
  <Operation Delete="fileio.br"/>
  <Operation Delete="astime.br"/>
  <Operation Download="asfw.br" Memory="SystemROM"/>
  <Operation Download="ashwd.br" Memory="SystemROM"/>
  <Operation Download="arconfig.br" Memory="SystemROM"/>
  <Operation Download="sysconf.br" Memory="SystemROM"/>
  <Operation Restart="warm"/>
  <Operation Download="Acp10map.br" Memory="UserROM"/>
  <Operation Download="Acp10map1.br" Memory="UserROM"/>
  <Operation Download="arnc0cfg.br" Memory="UserROM"/>
  <Operation Download="acp10cfg.br" Memory="UserROM"/>
  <Operation Download="NcGlobal.br" Memory="UserROM"/>
  <Operation Download="powerlnk.br" Memory="UserROM"/>
  <Operation Download="Acp10par.br" Memory="UserROM"/>
  <Operation Download="Runtime.br" Memory="UserROM"/>
  <Operation Download="astime.br" Memory="UserROM"/>
  <Operation Download="fileio.br" Memory="UserROM"/>
  <Operation Download="Acp10man.br" Memory="UserROM"/>
  <Operation Download="brsystem.br" Memory="UserROM"/>
  <Operation Download="sys_lib.br" Memory="UserROM"/>
  <Operation Download="dataobj.br" Memory="UserROM"/>
  <Operation Download="asmem.br" Memory="UserROM"/>
  <Operation Download="asarprof.br" Memory="UserROM"/>
  <Operation Download="asarlog.br" Memory="UserROM"/>
  <Operation Download="arnc0man.br" Memory="UserROM"/>
  <Operation Download="Acp10sdc.br" Memory="UserROM"/>
  <Operation Download="Acp10sim.br" Memory="UserROM"/>
  <Operation Download="Acp10_MC.br" Memory="UserROM"/>
  <Operation Download="Acp10sys.br" Memory="UserROM"/>
  <Operation Download="AxisApt.br" Memory="UserROM"/>
  <Operation Download="AxisInit.br" Memory="UserROM"/>
  <Operation Download="acp10etxen.br" Memory="UserROM"/>
  <Operation Download="Arnc0map.br" Memory="UserROM"/>
  <Operation Download="Arnc0map1.br" Memory="UserROM"/>
  <Operation Restart="warm"/>
  <Operation Download="asmath.br" Memory="UserROM"/>
  <Operation Download="AsIOTime.br" Memory="UserROM"/>
  <Operation Download="asstring.br" Memory="UserROM"/>
  <Operation Download="AsIecCon.br" Memory="UserROM"/>
  <Operation Download="operator.br" Memory="UserROM"/>
  <Operation Download="Library.br" Memory="UserROM"/>
  <Operation Download="TCData.br" Memory="SystemROM"/>
  <Operation Download="iomap.br" Memory="UserROM"/>
  <Operation Download="ashwac.br" Memory="UserROM"/>
  <Operation Download="udbdef.br" Memory="UserROM"/>
  <Operation Download="SDCAxisCtr.br" Memory="UserROM"/>
  <Operation Download="SDCAxisCt1.br" Memory="UserROM"/>
  <Operation Download="SDCAxisCt2.br" Memory="UserROM"/>
</Transfer>